<?xml version="1.0" encoding="UTF-8"?>
<!-- Generated by org.testng.reporters.JUnitReportReporter -->
<testsuite hostname="metalok" failures="0" tests="1" name="com.SportsVerse.TCs.TC_008_CareerPageTest" time="173.106" errors="0" timestamp="2023-04-28T13:45:31 IST" skipped="0">
  <testcase classname="com.SportsVerse.TCs.TC_008_CareerPageTest" name="careertest" time="173.106"/>
  <system-out/>
</testsuite> <!-- com.SportsVerse.TCs.TC_008_CareerPageTest -->
