<?xml version="1.0" encoding="UTF-8"?>
<!-- Generated by org.testng.reporters.JUnitReportReporter -->
<testsuite hostname="metalok" failures="0" tests="1" name="com.SportsVerse.TCs.TC_005_AboutUsTest" time="142.570" errors="0" timestamp="2023-04-21T12:52:20 IST" skipped="0">
  <testcase classname="com.SportsVerse.TCs.TC_005_AboutUsTest" name="aboutUsTest" time="142.570"/>
  <system-out/>
</testsuite> <!-- com.SportsVerse.TCs.TC_005_AboutUsTest -->
