<?xml version="1.0" encoding="UTF-8"?>
<!-- Generated by org.testng.reporters.JUnitReportReporter -->
<testsuite hostname="metalok" failures="0" tests="1" name="com.SportsVerse.TCs.TC_001_HomepageTest" time="193.682" errors="0" timestamp="2023-04-21T11:41:44 IST" skipped="0">
  <testcase classname="com.SportsVerse.TCs.TC_001_HomepageTest" name="homepagetest" time="193.682"/>
  <system-out/>
</testsuite> <!-- com.SportsVerse.TCs.TC_001_HomepageTest -->
