<?xml version="1.0" encoding="UTF-8"?>
<!-- Generated by org.testng.reporters.JUnitReportReporter -->
<testsuite hostname="metalok" failures="0" tests="1" name="com.SportsVerse.TCs.TC_004_FanTokensTest" time="180.561" errors="0" timestamp="2023-04-21T15:10:36 IST" skipped="0">
  <testcase classname="com.SportsVerse.TCs.TC_004_FanTokensTest" name="fantokenstest" time="180.561"/>
  <system-out/>
</testsuite> <!-- com.SportsVerse.TCs.TC_004_FanTokensTest -->
