<?xml version="1.0" encoding="UTF-8"?>
<!-- Generated by org.testng.reporters.JUnitReportReporter -->
<testsuite hostname="metalok" failures="0" tests="1" name="com.SportsVerse.TCs.TC_002_LearnPageTest" time="177.849" errors="0" timestamp="2023-04-21T11:46:03 IST" skipped="0">
  <testcase classname="com.SportsVerse.TCs.TC_002_LearnPageTest" name="learntest" time="177.849"/>
  <system-out/>
</testsuite> <!-- com.SportsVerse.TCs.TC_002_LearnPageTest -->
