<?xml version="1.0" encoding="UTF-8"?>
<!-- Generated by org.testng.reporters.JUnitReportReporter -->
<testsuite hostname="metalok" failures="0" tests="1" name="com.SportsVerse.TCs.TC_007_SupportPageTest" time="157.559" errors="0" timestamp="2023-04-24T16:40:17 IST" skipped="0">
  <testcase classname="com.SportsVerse.TCs.TC_007_SupportPageTest" name="supportTest" time="157.559"/>
  <system-out/>
</testsuite> <!-- com.SportsVerse.TCs.TC_007_SupportPageTest -->
