<?xml version="1.0" encoding="UTF-8"?>
<!-- Generated by org.testng.reporters.JUnitReportReporter -->
<testsuite hostname="metalok" failures="0" tests="1" name="com.SportsVerse.TCs.Sportsverse101" time="13.601" errors="0" timestamp="2023-04-24T18:36:28 IST" skipped="0">
  <testcase classname="com.SportsVerse.TCs.Sportsverse101" name="learn2Test" time="13.601"/>
  <system-out/>
</testsuite> <!-- com.SportsVerse.TCs.Sportsverse101 -->
