<?xml version="1.0" encoding="UTF-8"?>
<!-- Generated by org.testng.reporters.JUnitReportReporter -->
<testsuite hostname="metalok" failures="0" tests="1" name="A" time="3.957" errors="0" timestamp="2023-04-04T11:18:17 IST" skipped="0">
  <testcase classname="A" name="amazon" time="3.957"/>
  <system-out/>
</testsuite> <!-- A -->
