<?xml version="1.0" encoding="UTF-8"?>
<!-- Generated by org.testng.reporters.JUnitReportReporter -->
<testsuite hostname="metalok" failures="0" tests="1" name="com.TCs.TC_001_HomepageTest" time="207.716" errors="0" timestamp="2023-04-15T12:10:37 IST" skipped="0">
  <testcase classname="com.TCs.TC_001_HomepageTest" name="homepagetest" time="207.716"/>
  <system-out/>
</testsuite> <!-- com.TCs.TC_001_HomepageTest -->
