<?xml version="1.0" encoding="UTF-8"?>
<!-- Generated by org.testng.reporters.JUnitReportReporter -->
<testsuite hostname="metalok" failures="0" tests="1" name="com.SportsVerse.TCs.TC_009_RoadMapPageTest" time="114.547" errors="0" timestamp="2023-05-01T16:00:05 IST" skipped="0">
  <testcase classname="com.SportsVerse.TCs.TC_009_RoadMapPageTest" name="roadMapTest" time="114.547"/>
  <system-out/>
</testsuite> <!-- com.SportsVerse.TCs.TC_009_RoadMapPageTest -->
