<?xml version="1.0" encoding="UTF-8"?>
<!-- Generated by org.testng.reporters.JUnitReportReporter -->
<testsuite hostname="metalok" failures="0" tests="1" name="com.ObjectRepository.AncestorInXpath" time="18.266" errors="0" timestamp="2023-04-19T10:23:06 IST" skipped="0">
  <testcase classname="com.ObjectRepository.AncestorInXpath" name="testAncestorInXpath" time="18.266"/>
  <system-out/>
</testsuite> <!-- com.ObjectRepository.AncestorInXpath -->
