<?xml version="1.0" encoding="UTF-8"?>
<!-- Generated by org.testng.reporters.JUnitReportReporter -->
<testsuite hostname="metalok" failures="0" tests="1" name="com.SportVerse.TCs.TC_001_HomepageTest" time="219.782" errors="0" timestamp="2023-04-18T11:45:26 IST" skipped="0">
  <testcase classname="com.SportVerse.TCs.TC_001_HomepageTest" name="homepagetest" time="219.782"/>
  <system-out/>
</testsuite> <!-- com.SportVerse.TCs.TC_001_HomepageTest -->
