<?xml version="1.0" encoding="UTF-8"?>
<!-- Generated by org.testng.reporters.JUnitReportReporter -->
<testsuite hostname="metalok" failures="0" tests="1" name="com.TCs.TC_002_LearnPageTest" time="227.860" errors="0" timestamp="2023-04-15T11:26:41 IST" skipped="0">
  <testcase classname="com.TCs.TC_002_LearnPageTest" name="learntest" time="227.860"/>
  <system-out/>
</testsuite> <!-- com.TCs.TC_002_LearnPageTest -->
