<?xml version="1.0" encoding="UTF-8"?>
<!-- Generated by org.testng.reporters.JUnitReportReporter -->
<testsuite hostname="metalok" failures="0" tests="1" name="com.SportsVerse.TCs.A" time="22.921" errors="0" timestamp="2023-04-20T15:48:35 IST" skipped="0">
  <testcase classname="com.SportsVerse.TCs.A" name="aboutTest" time="22.921"/>
  <system-out/>
</testsuite> <!-- com.SportsVerse.TCs.A -->
