<?xml version="1.0" encoding="UTF-8"?>
<!-- Generated by org.testng.reporters.JUnitReportReporter -->
<testsuite hostname="metalok" failures="0" tests="1" name="com.SportVerse.TCs.TC_002_LearnPageTest" time="232.952" errors="0" timestamp="2023-04-18T17:11:42 IST" skipped="0">
  <testcase classname="com.SportVerse.TCs.TC_002_LearnPageTest" name="learntest" time="232.952"/>
  <system-out/>
</testsuite> <!-- com.SportVerse.TCs.TC_002_LearnPageTest -->
