<?xml version="1.0" encoding="UTF-8"?>
<!-- Generated by org.testng.reporters.JUnitReportReporter -->
<testsuite hostname="metalok" failures="0" tests="1" name="com.SportsVerse.TCs.TC_008_CareerPageTest" time="16.528" errors="0" timestamp="2023-04-25T10:33:37 IST" skipped="0">
  <testcase classname="com.SportsVerse.TCs.TC_008_CareerPageTest" name="careertest" time="16.528"/>
  <system-out/>
</testsuite> <!-- com.SportsVerse.TCs.TC_008_CareerPageTest -->
